{"indexProducer.js":{"path":"indexProducer.js","s":{"1":1,"2":1,"3":1,"4":1,"5":1},"b":{},"f":{},"fnMap":{},"statementMap":{"1":{"start":{"line":2,"column":0},"end":{"line":2,"column":40}},"2":{"start":{"line":4,"column":0},"end":{"line":4,"column":19}},"3":{"start":{"line":5,"column":0},"end":{"line":5,"column":29}},"4":{"start":{"line":6,"column":0},"end":{"line":6,"column":40}},"5":{"start":{"line":8,"column":0},"end":{"line":8,"column":51}}},"branchMap":{}},"producer.js":{"path":"producer.js","s":{"1":1,"2":1,"3":1,"4":1,"5":1,"6":1,"7":1,"8":1,"9":1,"10":1,"11":1,"12":2,"13":2,"14":0,"15":0,"16":1,"17":1,"18":1,"19":0,"20":0,"21":1,"22":1,"23":0,"24":0,"25":1,"26":0,"27":0,"28":0,"29":0,"30":0,"31":0,"32":0,"33":0,"34":0,"35":0,"36":0,"37":1,"38":0,"39":1,"40":1},"b":{"1":[1,0],"2":[2,0],"3":[2,1],"4":[0,0],"5":[0,0],"6":[0,0]},"f":{"1":1,"2":1,"3":1,"4":1,"5":0,"6":0,"7":0,"8":0,"9":0},"fnMap":{"1":{"name":"(anonymous_1)","line":7,"loc":{"start":{"line":7,"column":14},"end":{"line":7,"column":38}}},"2":{"name":"(anonymous_2)","line":10,"loc":{"start":{"line":10,"column":16},"end":{"line":10,"column":40}}},"3":{"name":"(anonymous_3)","line":11,"loc":{"start":{"line":11,"column":32},"end":{"line":11,"column":51}}},"4":{"name":"(anonymous_4)","line":39,"loc":{"start":{"line":39,"column":28},"end":{"line":39,"column":42}}},"5":{"name":"(anonymous_5)","line":44,"loc":{"start":{"line":44,"column":30},"end":{"line":44,"column":44}}},"6":{"name":"(anonymous_6)","line":53,"loc":{"start":{"line":53,"column":34},"end":{"line":53,"column":56}}},"7":{"name":"(anonymous_7)","line":59,"loc":{"start":{"line":59,"column":24},"end":{"line":59,"column":38}}},"8":{"name":"(anonymous_8)","line":79,"loc":{"start":{"line":79,"column":31},"end":{"line":79,"column":42}}},"9":{"name":"(anonymous_9)","line":90,"loc":{"start":{"line":90,"column":31},"end":{"line":90,"column":45}}}},"statementMap":{"1":{"start":{"line":2,"column":0},"end":{"line":2,"column":31}},"2":{"start":{"line":3,"column":0},"end":{"line":3,"column":36}},"3":{"start":{"line":4,"column":0},"end":{"line":4,"column":42}},"4":{"start":{"line":6,"column":0},"end":{"line":101,"column":2}},"5":{"start":{"line":8,"column":2},"end":{"line":8,"column":46}},"6":{"start":{"line":11,"column":2},"end":{"line":99,"column":5}},"7":{"start":{"line":13,"column":3},"end":{"line":13,"column":33}},"8":{"start":{"line":14,"column":3},"end":{"line":15,"column":15}},"9":{"start":{"line":16,"column":3},"end":{"line":16,"column":63}},"10":{"start":{"line":19,"column":3},"end":{"line":37,"column":4}},"11":{"start":{"line":20,"column":4},"end":{"line":28,"column":5}},"12":{"start":{"line":22,"column":5},"end":{"line":27,"column":6}},"13":{"start":{"line":23,"column":6},"end":{"line":26,"column":9}},"14":{"start":{"line":31,"column":4},"end":{"line":36,"column":5}},"15":{"start":{"line":32,"column":5},"end":{"line":35,"column":8}},"16":{"start":{"line":39,"column":3},"end":{"line":41,"column":6}},"17":{"start":{"line":40,"column":5},"end":{"line":40,"column":22}},"18":{"start":{"line":44,"column":3},"end":{"line":47,"column":6}},"19":{"start":{"line":45,"column":4},"end":{"line":45,"column":41}},"20":{"start":{"line":46,"column":4},"end":{"line":46,"column":23}},"21":{"start":{"line":50,"column":3},"end":{"line":50,"column":19}},"22":{"start":{"line":53,"column":3},"end":{"line":56,"column":6}},"23":{"start":{"line":54,"column":4},"end":{"line":54,"column":62}},"24":{"start":{"line":55,"column":4},"end":{"line":55,"column":14}},"25":{"start":{"line":59,"column":3},"end":{"line":88,"column":6}},"26":{"start":{"line":60,"column":4},"end":{"line":60,"column":57}},"27":{"start":{"line":66,"column":4},"end":{"line":76,"column":5}},"28":{"start":{"line":67,"column":5},"end":{"line":70,"column":8}},"29":{"start":{"line":71,"column":5},"end":{"line":71,"column":51}},"30":{"start":{"line":72,"column":5},"end":{"line":72,"column":26}},"31":{"start":{"line":74,"column":5},"end":{"line":74,"column":24}},"32":{"start":{"line":75,"column":5},"end":{"line":75,"column":52}},"33":{"start":{"line":79,"column":4},"end":{"line":85,"column":13}},"34":{"start":{"line":80,"column":5},"end":{"line":80,"column":21}},"35":{"start":{"line":81,"column":5},"end":{"line":84,"column":6}},"36":{"start":{"line":82,"column":6},"end":{"line":82,"column":30}},"37":{"start":{"line":90,"column":3},"end":{"line":92,"column":6}},"38":{"start":{"line":91,"column":4},"end":{"line":91,"column":65}},"39":{"start":{"line":95,"column":3},"end":{"line":95,"column":22}},"40":{"start":{"line":103,"column":0},"end":{"line":103,"column":40}}},"branchMap":{"1":{"line":19,"type":"if","locations":[{"start":{"line":19,"column":3},"end":{"line":19,"column":3}},{"start":{"line":19,"column":3},"end":{"line":19,"column":3}}]},"2":{"line":22,"type":"if","locations":[{"start":{"line":22,"column":5},"end":{"line":22,"column":5}},{"start":{"line":22,"column":5},"end":{"line":22,"column":5}}]},"3":{"line":22,"type":"binary-expr","locations":[{"start":{"line":22,"column":9},"end":{"line":22,"column":44}},{"start":{"line":22,"column":48},"end":{"line":22,"column":83}}]},"4":{"line":31,"type":"if","locations":[{"start":{"line":31,"column":4},"end":{"line":31,"column":4}},{"start":{"line":31,"column":4},"end":{"line":31,"column":4}}]},"5":{"line":31,"type":"binary-expr","locations":[{"start":{"line":31,"column":8},"end":{"line":31,"column":43}},{"start":{"line":31,"column":47},"end":{"line":31,"column":82}}]},"6":{"line":81,"type":"if","locations":[{"start":{"line":81,"column":5},"end":{"line":81,"column":5}},{"start":{"line":81,"column":5},"end":{"line":81,"column":5}}]}}},"authorize.js":{"path":"authorize.js","s":{"1":1,"2":1,"3":1,"4":1,"5":1,"6":1,"7":1,"8":1,"9":1,"10":1,"11":0,"12":1,"13":1,"14":1,"15":1},"b":{"1":[0,1],"2":[1,0],"3":[1,1,0]},"f":{"1":1,"2":1},"fnMap":{"1":{"name":"(anonymous_1)","line":4,"loc":{"start":{"line":4,"column":16},"end":{"line":4,"column":46}}},"2":{"name":"(anonymous_2)","line":20,"loc":{"start":{"line":20,"column":18},"end":{"line":20,"column":43}}}},"statementMap":{"1":{"start":{"line":2,"column":0},"end":{"line":2,"column":33}},"2":{"start":{"line":4,"column":0},"end":{"line":40,"column":2}},"3":{"start":{"line":6,"column":1},"end":{"line":9,"column":3}},"4":{"start":{"line":11,"column":1},"end":{"line":18,"column":3}},"5":{"start":{"line":20,"column":1},"end":{"line":39,"column":4}},"6":{"start":{"line":22,"column":2},"end":{"line":22,"column":18}},"7":{"start":{"line":23,"column":2},"end":{"line":23,"column":15}},"8":{"start":{"line":24,"column":6},"end":{"line":24,"column":27}},"9":{"start":{"line":25,"column":3},"end":{"line":27,"column":5}},"10":{"start":{"line":30,"column":2},"end":{"line":32,"column":3}},"11":{"start":{"line":31,"column":3},"end":{"line":31,"column":18}},"12":{"start":{"line":35,"column":2},"end":{"line":37,"column":4}},"13":{"start":{"line":36,"column":3},"end":{"line":36,"column":18}},"14":{"start":{"line":38,"column":3},"end":{"line":38,"column":10}},"15":{"start":{"line":42,"column":0},"end":{"line":42,"column":30}}},"branchMap":{"1":{"line":30,"type":"if","locations":[{"start":{"line":30,"column":2},"end":{"line":30,"column":2}},{"start":{"line":30,"column":2},"end":{"line":30,"column":2}}]},"2":{"line":35,"type":"if","locations":[{"start":{"line":35,"column":2},"end":{"line":35,"column":2}},{"start":{"line":35,"column":2},"end":{"line":35,"column":2}}]},"3":{"line":35,"type":"binary-expr","locations":[{"start":{"line":35,"column":6},"end":{"line":35,"column":9}},{"start":{"line":35,"column":14},"end":{"line":35,"column":36}},{"start":{"line":35,"column":40},"end":{"line":35,"column":62}}]}}}}