TN:
SF:indexProducer.js
FNF:0
FNH:0
DA:2,1
DA:4,1
DA:5,1
DA:6,1
DA:8,1
LF:5
LH:5
BRF:0
BRH:0
end_of_record
TN:
SF:producer.js
FN:7,(anonymous_1)
FN:10,(anonymous_2)
FN:11,(anonymous_3)
FN:39,(anonymous_4)
FN:44,(anonymous_5)
FN:53,(anonymous_6)
FN:59,(anonymous_7)
FN:79,(anonymous_8)
FN:90,(anonymous_9)
FNF:9
FNH:4
FNDA:1,(anonymous_1)
FNDA:1,(anonymous_2)
FNDA:1,(anonymous_3)
FNDA:1,(anonymous_4)
FNDA:0,(anonymous_5)
FNDA:0,(anonymous_6)
FNDA:0,(anonymous_7)
FNDA:0,(anonymous_8)
FNDA:0,(anonymous_9)
DA:2,1
DA:3,1
DA:4,1
DA:6,1
DA:8,1
DA:11,1
DA:13,1
DA:14,1
DA:16,1
DA:19,1
DA:20,1
DA:22,2
DA:23,2
DA:31,0
DA:32,0
DA:39,1
DA:40,1
DA:44,1
DA:45,0
DA:46,0
DA:50,1
DA:53,1
DA:54,0
DA:55,0
DA:59,1
DA:60,0
DA:66,0
DA:67,0
DA:71,0
DA:72,0
DA:74,0
DA:75,0
DA:79,0
DA:80,0
DA:81,0
DA:82,0
DA:90,1
DA:91,0
DA:95,1
DA:103,1
LF:40
LH:22
BRDA:19,1,0,1
BRDA:19,1,1,0
BRDA:22,2,0,2
BRDA:22,2,1,0
BRDA:22,3,0,2
BRDA:22,3,1,1
BRDA:31,4,0,0
BRDA:31,4,1,0
BRDA:31,5,0,0
BRDA:31,5,1,0
BRDA:81,6,0,0
BRDA:81,6,1,0
BRF:12
BRH:4
end_of_record
TN:
SF:authorize.js
FN:4,(anonymous_1)
FN:20,(anonymous_2)
FNF:2
FNH:2
FNDA:1,(anonymous_1)
FNDA:1,(anonymous_2)
DA:2,1
DA:4,1
DA:6,1
DA:11,1
DA:20,1
DA:22,1
DA:23,1
DA:24,1
DA:25,1
DA:30,1
DA:31,0
DA:35,1
DA:36,1
DA:38,1
DA:42,1
LF:15
LH:14
BRDA:30,1,0,0
BRDA:30,1,1,1
BRDA:35,2,0,1
BRDA:35,2,1,0
BRDA:35,3,0,1
BRDA:35,3,1,1
BRDA:35,3,2,0
BRF:7
BRH:4
end_of_record
